platforms/android/manifest-merger-release-report.txt
-- Merging decision tree log ---
manifest
ADDED from AndroidManifest.xml:2:1
	package
		ADDED from AndroidManifest.xml:2:98
	android:versionName
		ADDED from AndroidManifest.xml:2:70
	android:hardwareAccelerated
		ADDED from AndroidManifest.xml:2:11
	android:versionCode
		ADDED from AndroidManifest.xml:2:46
		INJECTED from AndroidManifest.xml:0:0
		INJECTED from AndroidManifest.xml:0:0
	xmlns:android
		ADDED from AndroidManifest.xml:2:131
supports-screens
ADDED from AndroidManifest.xml:3:5
	android:largeScreens
		ADDED from AndroidManifest.xml:3:49
	android:smallScreens
		ADDED from AndroidManifest.xml:3:132
	android:normalScreens
		ADDED from AndroidManifest.xml:3:77
	android:xlargeScreens
		ADDED from AndroidManifest.xml:3:160
	android:resizeable
		ADDED from AndroidManifest.xml:3:106
	android:anyDensity
		ADDED from AndroidManifest.xml:3:23
uses-permission#android.permission.INTERNET
ADDED from AndroidManifest.xml:4:5
	android:name
		ADDED from AndroidManifest.xml:4:22
application
ADDED from AndroidManifest.xml:5:5
MERGED from com.android.support:support-v4:23.1.1:22:5
	android:label
		ADDED from AndroidManifest.xml:5:83
	android:supportsRtl
		ADDED from AndroidManifest.xml:5:116
	android:hardwareAccelerated
		ADDED from AndroidManifest.xml:5:18
	android:icon
		ADDED from AndroidManifest.xml:5:53
activity#com.promood.promoodapp.MainActivity
ADDED from AndroidManifest.xml:6:9
	android:screenOrientation
		ADDED from AndroidManifest.xml:6:194
	android:label
		ADDED from AndroidManifest.xml:6:97
	android:launchMode
		ADDED from AndroidManifest.xml:6:135
	android:windowSoftInputMode
		ADDED from AndroidManifest.xml:6:285
	android:configChanges
		ADDED from AndroidManifest.xml:6:19
	android:theme
		ADDED from AndroidManifest.xml:6:231
	android:name
		ADDED from AndroidManifest.xml:6:166
intent-filter#android.intent.action.MAIN+android.intent.category.LAUNCHER
ADDED from AndroidManifest.xml:7:13
	android:label
		ADDED from AndroidManifest.xml:7:28
action#android.intent.action.MAIN
ADDED from AndroidManifest.xml:8:17
	android:name
		ADDED from AndroidManifest.xml:8:25
category#android.intent.category.LAUNCHER
ADDED from AndroidManifest.xml:9:17
	android:name
		ADDED from AndroidManifest.xml:9:27
activity#com.hutchind.cordova.plugins.streamingmedia.SimpleAudioStream
ADDED from AndroidManifest.xml:12:9
	android:label
		ADDED from AndroidManifest.xml:12:66
	android:configChanges
		ADDED from AndroidManifest.xml:12:19
	android:name
		ADDED from AndroidManifest.xml:12:102
activity#com.hutchind.cordova.plugins.streamingmedia.SimpleVideoStream
ADDED from AndroidManifest.xml:13:9
	android:label
		ADDED from AndroidManifest.xml:13:66
	android:configChanges
		ADDED from AndroidManifest.xml:13:19
	android:name
		ADDED from AndroidManifest.xml:13:102
receiver#de.appplant.cordova.plugin.localnotification.TriggerReceiver
ADDED from AndroidManifest.xml:14:9
	android:exported
		ADDED from AndroidManifest.xml:14:19
	android:name
		ADDED from AndroidManifest.xml:14:44
receiver#de.appplant.cordova.plugin.localnotification.ClearReceiver
ADDED from AndroidManifest.xml:15:9
	android:exported
		ADDED from AndroidManifest.xml:15:19
	android:name
		ADDED from AndroidManifest.xml:15:44
activity#de.appplant.cordova.plugin.localnotification.ClickActivity
ADDED from AndroidManifest.xml:16:9
	android:launchMode
		ADDED from AndroidManifest.xml:16:44
	android:exported
		ADDED from AndroidManifest.xml:16:19
	android:theme
		ADDED from AndroidManifest.xml:16:154
	android:name
		ADDED from AndroidManifest.xml:16:80
receiver#de.appplant.cordova.plugin.notification.TriggerReceiver
ADDED from AndroidManifest.xml:17:9
	android:exported
		ADDED from AndroidManifest.xml:17:19
	android:name
		ADDED from AndroidManifest.xml:17:44
receiver#de.appplant.cordova.plugin.notification.ClearReceiver
ADDED from AndroidManifest.xml:18:9
	android:exported
		ADDED from AndroidManifest.xml:18:19
	android:name
		ADDED from AndroidManifest.xml:18:44
receiver#de.appplant.cordova.plugin.localnotification.RestoreReceiver
ADDED from AndroidManifest.xml:19:9
	android:exported
		ADDED from AndroidManifest.xml:19:19
	android:name
		ADDED from AndroidManifest.xml:19:44
intent-filter#android.intent.action.BOOT_COMPLETED
ADDED from AndroidManifest.xml:20:13
action#android.intent.action.BOOT_COMPLETED
ADDED from AndroidManifest.xml:21:17
	android:name
		ADDED from AndroidManifest.xml:21:25
activity#de.appplant.cordova.plugin.notification.ClickActivity
ADDED from AndroidManifest.xml:24:9
	android:launchMode
		ADDED from AndroidManifest.xml:24:44
	android:exported
		ADDED from AndroidManifest.xml:24:19
	android:theme
		ADDED from AndroidManifest.xml:24:149
	android:name
		ADDED from AndroidManifest.xml:24:80
activity#com.plugin.gcm.PushHandlerActivity
ADDED from AndroidManifest.xml:25:9
	android:exported
		ADDED from AndroidManifest.xml:25:19
	android:name
		ADDED from AndroidManifest.xml:25:43
receiver#com.plugin.gcm.CordovaGCMBroadcastReceiver
ADDED from AndroidManifest.xml:26:9
	android:permission
		ADDED from AndroidManifest.xml:26:77
	android:name
		ADDED from AndroidManifest.xml:26:19
intent-filter#com.google.android.c2dm.intent.RECEIVE+com.google.android.c2dm.intent.REGISTRATION+com.promood.promoodapp
ADDED from AndroidManifest.xml:27:13
action#com.google.android.c2dm.intent.RECEIVE
ADDED from AndroidManifest.xml:28:17
	android:name
		ADDED from AndroidManifest.xml:28:25
action#com.google.android.c2dm.intent.REGISTRATION
ADDED from AndroidManifest.xml:29:17
	android:name
		ADDED from AndroidManifest.xml:29:25
category#com.promood.promoodapp
ADDED from AndroidManifest.xml:30:17
	android:name
		ADDED from AndroidManifest.xml:30:27
service#com.plugin.gcm.GCMIntentService
ADDED from AndroidManifest.xml:33:9
	android:name
		ADDED from AndroidManifest.xml:33:18
uses-sdk
ADDED from AndroidManifest.xml:35:5
MERGED from com.android.support:support-v4:23.1.1:20:5
MERGED from android:CordovaLib:unspecified:release:25:5
	android:targetSdkVersion
		ADDED from AndroidManifest.xml:35:42
	android:minSdkVersion
		ADDED from AndroidManifest.xml:35:15
uses-permission#android.permission.READ_CALENDAR
ADDED from AndroidManifest.xml:36:5
	android:name
		ADDED from AndroidManifest.xml:36:22
uses-permission#android.permission.WRITE_CALENDAR
ADDED from AndroidManifest.xml:37:5
	android:name
		ADDED from AndroidManifest.xml:37:22
uses-permission#android.permission.WRITE_EXTERNAL_STORAGE
ADDED from AndroidManifest.xml:38:5
	android:name
		ADDED from AndroidManifest.xml:38:22
uses-permission#android.permission.ACCESS_NETWORK_STATE
ADDED from AndroidManifest.xml:39:5
	android:name
		ADDED from AndroidManifest.xml:39:22
uses-permission#android.permission.RECEIVE_BOOT_COMPLETED
ADDED from AndroidManifest.xml:40:5
	android:name
		ADDED from AndroidManifest.xml:40:22
uses-permission#android.permission.GET_ACCOUNTS
ADDED from AndroidManifest.xml:41:5
	android:name
		ADDED from AndroidManifest.xml:41:22
uses-permission#android.permission.WAKE_LOCK
ADDED from AndroidManifest.xml:42:5
	android:name
		ADDED from AndroidManifest.xml:42:22
uses-permission#android.permission.VIBRATE
ADDED from AndroidManifest.xml:43:5
	android:name
		ADDED from AndroidManifest.xml:43:22
uses-permission#com.google.android.c2dm.permission.RECEIVE
ADDED from AndroidManifest.xml:44:5
	android:name
		ADDED from AndroidManifest.xml:44:22
permission#com.promood.promoodapp.permission.C2D_MESSAGE
ADDED from AndroidManifest.xml:45:5
	android:protectionLevel
		ADDED from AndroidManifest.xml:45:78
	android:name
		ADDED from AndroidManifest.xml:45:17
uses-permission#com.promood.promoodapp.permission.C2D_MESSAGE
ADDED from AndroidManifest.xml:46:5
	android:name
		ADDED from AndroidManifest.xml:46:22
uses-permission#android.permission.MODIFY_AUDIO_SETTINGS
ADDED from AndroidManifest.xml:47:5
	android:name
		ADDED from AndroidManifest.xml:47:22
uses-permission#android.permission.READ_PHONE_STATE
ADDED from AndroidManifest.xml:49:5
	android:name
		ADDED from AndroidManifest.xml:49:22
uses-permission#android.permission.RECORD_AUDIO
ADDED from AndroidManifest.xml:50:5
	android:name
		ADDED from AndroidManifest.xml:50:22
uses-permission#android.permission.WRITE_INTERNAL_STORAGE
ADDED from AndroidManifest.xml:56:5
	android:name
		ADDED from AndroidManifest.xml:56:22